[${project.name}][${env:SERVER_PORT}] 2021-09-06 14:00:10,121 WARN
            [ThreadPoolTaskScheduler-1][DubboServiceMetadataRepository.java:216] - Current application will subscribe all services(size:2) in registry, a lot of memory and CPU cycles may be used, thus it's strongly recommend you using the externalized property 'dubbo.cloud.subscribed-services' to specify the services
[${project.name}][${env:SERVER_PORT}] 2021-09-06 14:00:40,142 WARN
            [ThreadPoolTaskScheduler-1][DubboServiceMetadataRepository.java:216] - Current application will subscribe all services(size:2) in registry, a lot of memory and CPU cycles may be used, thus it's strongly recommend you using the externalized property 'dubbo.cloud.subscribed-services' to specify the services
[${project.name}][${env:SERVER_PORT}] 2021-09-06 14:01:10,165 WARN
            [ThreadPoolTaskScheduler-1][DubboServiceMetadataRepository.java:216] - Current application will subscribe all services(size:2) in registry, a lot of memory and CPU cycles may be used, thus it's strongly recommend you using the externalized property 'dubbo.cloud.subscribed-services' to specify the services
[${project.name}][${env:SERVER_PORT}] 2021-09-06 14:01:40,177 WARN
            [ThreadPoolTaskScheduler-1][DubboServiceMetadataRepository.java:216] - Current application will subscribe all services(size:2) in registry, a lot of memory and CPU cycles may be used, thus it's strongly recommend you using the externalized property 'dubbo.cloud.subscribed-services' to specify the services
[${project.name}][${env:SERVER_PORT}] 2021-09-06 14:02:10,187 WARN
            [ThreadPoolTaskScheduler-1][DubboServiceMetadataRepository.java:216] - Current application will subscribe all services(size:2) in registry, a lot of memory and CPU cycles may be used, thus it's strongly recommend you using the externalized property 'dubbo.cloud.subscribed-services' to specify the services
[${project.name}][${env:SERVER_PORT}] 2021-09-06 14:02:40,206 WARN
            [ThreadPoolTaskScheduler-1][DubboServiceMetadataRepository.java:216] - Current application will subscribe all services(size:2) in registry, a lot of memory and CPU cycles may be used, thus it's strongly recommend you using the externalized property 'dubbo.cloud.subscribed-services' to specify the services
[${project.name}][${env:SERVER_PORT}] 2021-09-06 14:03:10,219 WARN
            [ThreadPoolTaskScheduler-1][DubboServiceMetadataRepository.java:216] - Current application will subscribe all services(size:2) in registry, a lot of memory and CPU cycles may be used, thus it's strongly recommend you using the externalized property 'dubbo.cloud.subscribed-services' to specify the services
[${project.name}][${env:SERVER_PORT}] 2021-09-06 14:03:40,241 WARN
            [ThreadPoolTaskScheduler-1][DubboServiceMetadataRepository.java:216] - Current application will subscribe all services(size:2) in registry, a lot of memory and CPU cycles may be used, thus it's strongly recommend you using the externalized property 'dubbo.cloud.subscribed-services' to specify the services
[${project.name}][${env:SERVER_PORT}] 2021-09-06 14:04:10,263 WARN
            [ThreadPoolTaskScheduler-1][DubboServiceMetadataRepository.java:216] - Current application will subscribe all services(size:2) in registry, a lot of memory and CPU cycles may be used, thus it's strongly recommend you using the externalized property 'dubbo.cloud.subscribed-services' to specify the services
[${project.name}][${env:SERVER_PORT}] 2021-09-06 14:04:40,274 WARN
            [ThreadPoolTaskScheduler-1][DubboServiceMetadataRepository.java:216] - Current application will subscribe all services(size:2) in registry, a lot of memory and CPU cycles may be used, thus it's strongly recommend you using the externalized property 'dubbo.cloud.subscribed-services' to specify the services
[${project.name}][${env:SERVER_PORT}] 2021-09-06 14:05:10,296 WARN
            [ThreadPoolTaskScheduler-1][DubboServiceMetadataRepository.java:216] - Current application will subscribe all services(size:2) in registry, a lot of memory and CPU cycles may be used, thus it's strongly recommend you using the externalized property 'dubbo.cloud.subscribed-services' to specify the services
[${project.name}][${env:SERVER_PORT}] 2021-09-06 14:05:40,314 WARN
            [ThreadPoolTaskScheduler-1][DubboServiceMetadataRepository.java:216] - Current application will subscribe all services(size:2) in registry, a lot of memory and CPU cycles may be used, thus it's strongly recommend you using the externalized property 'dubbo.cloud.subscribed-services' to specify the services
[${project.name}][${env:SERVER_PORT}] 2021-09-06 14:06:10,329 WARN
            [ThreadPoolTaskScheduler-1][DubboServiceMetadataRepository.java:216] - Current application will subscribe all services(size:2) in registry, a lot of memory and CPU cycles may be used, thus it's strongly recommend you using the externalized property 'dubbo.cloud.subscribed-services' to specify the services
[${project.name}][${env:SERVER_PORT}] 2021-09-06 14:06:40,350 WARN
            [ThreadPoolTaskScheduler-1][DubboServiceMetadataRepository.java:216] - Current application will subscribe all services(size:2) in registry, a lot of memory and CPU cycles may be used, thus it's strongly recommend you using the externalized property 'dubbo.cloud.subscribed-services' to specify the services
[${project.name}][${env:SERVER_PORT}] 2021-09-06 14:07:10,371 WARN
            [ThreadPoolTaskScheduler-1][DubboServiceMetadataRepository.java:216] - Current application will subscribe all services(size:2) in registry, a lot of memory and CPU cycles may be used, thus it's strongly recommend you using the externalized property 'dubbo.cloud.subscribed-services' to specify the services
[${project.name}][${env:SERVER_PORT}] 2021-09-06 14:07:40,385 WARN
            [ThreadPoolTaskScheduler-1][DubboServiceMetadataRepository.java:216] - Current application will subscribe all services(size:2) in registry, a lot of memory and CPU cycles may be used, thus it's strongly recommend you using the externalized property 'dubbo.cloud.subscribed-services' to specify the services
[${project.name}][${env:SERVER_PORT}] 2021-09-06 14:08:10,396 WARN
            [ThreadPoolTaskScheduler-1][DubboServiceMetadataRepository.java:216] - Current application will subscribe all services(size:2) in registry, a lot of memory and CPU cycles may be used, thus it's strongly recommend you using the externalized property 'dubbo.cloud.subscribed-services' to specify the services
[${project.name}][${env:SERVER_PORT}] 2021-09-06 14:08:40,421 WARN
            [ThreadPoolTaskScheduler-1][DubboServiceMetadataRepository.java:216] - Current application will subscribe all services(size:2) in registry, a lot of memory and CPU cycles may be used, thus it's strongly recommend you using the externalized property 'dubbo.cloud.subscribed-services' to specify the services
[${project.name}][${env:SERVER_PORT}] 2021-09-06 14:09:10,439 WARN
            [ThreadPoolTaskScheduler-1][DubboServiceMetadataRepository.java:216] - Current application will subscribe all services(size:2) in registry, a lot of memory and CPU cycles may be used, thus it's strongly recommend you using the externalized property 'dubbo.cloud.subscribed-services' to specify the services
[${project.name}][${env:SERVER_PORT}] 2021-09-06 14:09:40,451 WARN
            [ThreadPoolTaskScheduler-1][DubboServiceMetadataRepository.java:216] - Current application will subscribe all services(size:2) in registry, a lot of memory and CPU cycles may be used, thus it's strongly recommend you using the externalized property 'dubbo.cloud.subscribed-services' to specify the services
[${project.name}][${env:SERVER_PORT}] 2021-09-06 14:10:10,466 WARN
            [ThreadPoolTaskScheduler-1][DubboServiceMetadataRepository.java:216] - Current application will subscribe all services(size:2) in registry, a lot of memory and CPU cycles may be used, thus it's strongly recommend you using the externalized property 'dubbo.cloud.subscribed-services' to specify the services
[${project.name}][${env:SERVER_PORT}] 2021-09-06 14:10:40,480 WARN
            [ThreadPoolTaskScheduler-1][DubboServiceMetadataRepository.java:216] - Current application will subscribe all services(size:2) in registry, a lot of memory and CPU cycles may be used, thus it's strongly recommend you using the externalized property 'dubbo.cloud.subscribed-services' to specify the services
[${project.name}][${env:SERVER_PORT}] 2021-09-06 14:11:10,497 WARN
            [ThreadPoolTaskScheduler-1][DubboServiceMetadataRepository.java:216] - Current application will subscribe all services(size:2) in registry, a lot of memory and CPU cycles may be used, thus it's strongly recommend you using the externalized property 'dubbo.cloud.subscribed-services' to specify the services
[${project.name}][${env:SERVER_PORT}] 2021-09-06 14:11:40,513 WARN
            [ThreadPoolTaskScheduler-1][DubboServiceMetadataRepository.java:216] - Current application will subscribe all services(size:2) in registry, a lot of memory and CPU cycles may be used, thus it's strongly recommend you using the externalized property 'dubbo.cloud.subscribed-services' to specify the services
[${project.name}][${env:SERVER_PORT}] 2021-09-06 14:12:10,526 WARN
            [ThreadPoolTaskScheduler-1][DubboServiceMetadataRepository.java:216] - Current application will subscribe all services(size:2) in registry, a lot of memory and CPU cycles may be used, thus it's strongly recommend you using the externalized property 'dubbo.cloud.subscribed-services' to specify the services
[${project.name}][${env:SERVER_PORT}] 2021-09-06 14:12:40,539 WARN
            [ThreadPoolTaskScheduler-1][DubboServiceMetadataRepository.java:216] - Current application will subscribe all services(size:2) in registry, a lot of memory and CPU cycles may be used, thus it's strongly recommend you using the externalized property 'dubbo.cloud.subscribed-services' to specify the services
[${project.name}][${env:SERVER_PORT}] 2021-09-06 14:13:10,557 WARN
            [ThreadPoolTaskScheduler-1][DubboServiceMetadataRepository.java:216] - Current application will subscribe all services(size:2) in registry, a lot of memory and CPU cycles may be used, thus it's strongly recommend you using the externalized property 'dubbo.cloud.subscribed-services' to specify the services
[${project.name}][${env:SERVER_PORT}] 2021-09-06 14:13:40,577 WARN
            [ThreadPoolTaskScheduler-1][DubboServiceMetadataRepository.java:216] - Current application will subscribe all services(size:2) in registry, a lot of memory and CPU cycles may be used, thus it's strongly recommend you using the externalized property 'dubbo.cloud.subscribed-services' to specify the services
[${project.name}][${env:SERVER_PORT}] 2021-09-06 14:14:10,602 WARN
            [ThreadPoolTaskScheduler-1][DubboServiceMetadataRepository.java:216] - Current application will subscribe all services(size:2) in registry, a lot of memory and CPU cycles may be used, thus it's strongly recommend you using the externalized property 'dubbo.cloud.subscribed-services' to specify the services
[${project.name}][${env:SERVER_PORT}] 2021-09-06 14:14:40,617 WARN
            [ThreadPoolTaskScheduler-1][DubboServiceMetadataRepository.java:216] - Current application will subscribe all services(size:2) in registry, a lot of memory and CPU cycles may be used, thus it's strongly recommend you using the externalized property 'dubbo.cloud.subscribed-services' to specify the services
[${project.name}][${env:SERVER_PORT}] 2021-09-06 14:15:10,629 WARN
            [ThreadPoolTaskScheduler-1][DubboServiceMetadataRepository.java:216] - Current application will subscribe all services(size:2) in registry, a lot of memory and CPU cycles may be used, thus it's strongly recommend you using the externalized property 'dubbo.cloud.subscribed-services' to specify the services
[${project.name}][${env:SERVER_PORT}] 2021-09-06 14:15:40,653 WARN
            [ThreadPoolTaskScheduler-1][DubboServiceMetadataRepository.java:216] - Current application will subscribe all services(size:2) in registry, a lot of memory and CPU cycles may be used, thus it's strongly recommend you using the externalized property 'dubbo.cloud.subscribed-services' to specify the services
[${project.name}][${env:SERVER_PORT}] 2021-09-06 14:16:10,662 WARN
            [ThreadPoolTaskScheduler-1][DubboServiceMetadataRepository.java:216] - Current application will subscribe all services(size:2) in registry, a lot of memory and CPU cycles may be used, thus it's strongly recommend you using the externalized property 'dubbo.cloud.subscribed-services' to specify the services
[${project.name}][${env:SERVER_PORT}] 2021-09-06 14:16:40,676 WARN
            [ThreadPoolTaskScheduler-1][DubboServiceMetadataRepository.java:216] - Current application will subscribe all services(size:2) in registry, a lot of memory and CPU cycles may be used, thus it's strongly recommend you using the externalized property 'dubbo.cloud.subscribed-services' to specify the services
[${project.name}][${env:SERVER_PORT}] 2021-09-06 14:17:10,699 WARN
            [ThreadPoolTaskScheduler-1][DubboServiceMetadataRepository.java:216] - Current application will subscribe all services(size:2) in registry, a lot of memory and CPU cycles may be used, thus it's strongly recommend you using the externalized property 'dubbo.cloud.subscribed-services' to specify the services
[${project.name}][${env:SERVER_PORT}] 2021-09-06 14:17:40,720 WARN
            [ThreadPoolTaskScheduler-1][DubboServiceMetadataRepository.java:216] - Current application will subscribe all services(size:2) in registry, a lot of memory and CPU cycles may be used, thus it's strongly recommend you using the externalized property 'dubbo.cloud.subscribed-services' to specify the services
[${project.name}][${env:SERVER_PORT}] 2021-09-06 14:18:10,743 WARN
            [ThreadPoolTaskScheduler-1][DubboServiceMetadataRepository.java:216] - Current application will subscribe all services(size:2) in registry, a lot of memory and CPU cycles may be used, thus it's strongly recommend you using the externalized property 'dubbo.cloud.subscribed-services' to specify the services
[${project.name}][${env:SERVER_PORT}] 2021-09-06 14:18:40,766 WARN
            [ThreadPoolTaskScheduler-1][DubboServiceMetadataRepository.java:216] - Current application will subscribe all services(size:2) in registry, a lot of memory and CPU cycles may be used, thus it's strongly recommend you using the externalized property 'dubbo.cloud.subscribed-services' to specify the services
[${project.name}][${env:SERVER_PORT}] 2021-09-06 14:19:10,778 WARN
            [ThreadPoolTaskScheduler-1][DubboServiceMetadataRepository.java:216] - Current application will subscribe all services(size:2) in registry, a lot of memory and CPU cycles may be used, thus it's strongly recommend you using the externalized property 'dubbo.cloud.subscribed-services' to specify the services
[${project.name}][${env:SERVER_PORT}] 2021-09-06 14:19:40,798 WARN
            [ThreadPoolTaskScheduler-1][DubboServiceMetadataRepository.java:216] - Current application will subscribe all services(size:2) in registry, a lot of memory and CPU cycles may be used, thus it's strongly recommend you using the externalized property 'dubbo.cloud.subscribed-services' to specify the services
[${project.name}][${env:SERVER_PORT}] 2021-09-06 14:20:10,812 WARN
            [ThreadPoolTaskScheduler-1][DubboServiceMetadataRepository.java:216] - Current application will subscribe all services(size:2) in registry, a lot of memory and CPU cycles may be used, thus it's strongly recommend you using the externalized property 'dubbo.cloud.subscribed-services' to specify the services
[${project.name}][${env:SERVER_PORT}] 2021-09-06 14:20:40,826 WARN
            [ThreadPoolTaskScheduler-1][DubboServiceMetadataRepository.java:216] - Current application will subscribe all services(size:2) in registry, a lot of memory and CPU cycles may be used, thus it's strongly recommend you using the externalized property 'dubbo.cloud.subscribed-services' to specify the services
[${project.name}][${env:SERVER_PORT}] 2021-09-06 14:21:10,842 WARN
            [ThreadPoolTaskScheduler-1][DubboServiceMetadataRepository.java:216] - Current application will subscribe all services(size:2) in registry, a lot of memory and CPU cycles may be used, thus it's strongly recommend you using the externalized property 'dubbo.cloud.subscribed-services' to specify the services
[${project.name}][${env:SERVER_PORT}] 2021-09-06 14:21:40,862 WARN
            [ThreadPoolTaskScheduler-1][DubboServiceMetadataRepository.java:216] - Current application will subscribe all services(size:2) in registry, a lot of memory and CPU cycles may be used, thus it's strongly recommend you using the externalized property 'dubbo.cloud.subscribed-services' to specify the services
[${project.name}][${env:SERVER_PORT}] 2021-09-06 14:22:10,870 WARN
            [ThreadPoolTaskScheduler-1][DubboServiceMetadataRepository.java:216] - Current application will subscribe all services(size:2) in registry, a lot of memory and CPU cycles may be used, thus it's strongly recommend you using the externalized property 'dubbo.cloud.subscribed-services' to specify the services
[${project.name}][${env:SERVER_PORT}] 2021-09-06 14:22:40,886 WARN
            [ThreadPoolTaskScheduler-1][DubboServiceMetadataRepository.java:216] - Current application will subscribe all services(size:2) in registry, a lot of memory and CPU cycles may be used, thus it's strongly recommend you using the externalized property 'dubbo.cloud.subscribed-services' to specify the services
[${project.name}][${env:SERVER_PORT}] 2021-09-06 14:23:10,907 WARN
            [ThreadPoolTaskScheduler-1][DubboServiceMetadataRepository.java:216] - Current application will subscribe all services(size:2) in registry, a lot of memory and CPU cycles may be used, thus it's strongly recommend you using the externalized property 'dubbo.cloud.subscribed-services' to specify the services
[${project.name}][${env:SERVER_PORT}] 2021-09-06 14:23:40,924 WARN
            [ThreadPoolTaskScheduler-1][DubboServiceMetadataRepository.java:216] - Current application will subscribe all services(size:2) in registry, a lot of memory and CPU cycles may be used, thus it's strongly recommend you using the externalized property 'dubbo.cloud.subscribed-services' to specify the services
[${project.name}][${env:SERVER_PORT}] 2021-09-06 14:24:10,938 WARN
            [ThreadPoolTaskScheduler-1][DubboServiceMetadataRepository.java:216] - Current application will subscribe all services(size:2) in registry, a lot of memory and CPU cycles may be used, thus it's strongly recommend you using the externalized property 'dubbo.cloud.subscribed-services' to specify the services
[${project.name}][${env:SERVER_PORT}] 2021-09-06 14:24:40,955 WARN
            [ThreadPoolTaskScheduler-1][DubboServiceMetadataRepository.java:216] - Current application will subscribe all services(size:2) in registry, a lot of memory and CPU cycles may be used, thus it's strongly recommend you using the externalized property 'dubbo.cloud.subscribed-services' to specify the services
[${project.name}][${env:SERVER_PORT}] 2021-09-06 14:25:10,960 WARN
            [ThreadPoolTaskScheduler-1][DubboServiceMetadataRepository.java:216] - Current application will subscribe all services(size:2) in registry, a lot of memory and CPU cycles may be used, thus it's strongly recommend you using the externalized property 'dubbo.cloud.subscribed-services' to specify the services
[${project.name}][${env:SERVER_PORT}] 2021-09-06 14:25:40,974 WARN
            [ThreadPoolTaskScheduler-1][DubboServiceMetadataRepository.java:216] - Current application will subscribe all services(size:2) in registry, a lot of memory and CPU cycles may be used, thus it's strongly recommend you using the externalized property 'dubbo.cloud.subscribed-services' to specify the services
[${project.name}][${env:SERVER_PORT}] 2021-09-06 14:26:10,979 WARN
            [ThreadPoolTaskScheduler-1][DubboServiceMetadataRepository.java:216] - Current application will subscribe all services(size:2) in registry, a lot of memory and CPU cycles may be used, thus it's strongly recommend you using the externalized property 'dubbo.cloud.subscribed-services' to specify the services
[${project.name}][${env:SERVER_PORT}] 2021-09-06 14:26:40,989 WARN
            [ThreadPoolTaskScheduler-1][DubboServiceMetadataRepository.java:216] - Current application will subscribe all services(size:2) in registry, a lot of memory and CPU cycles may be used, thus it's strongly recommend you using the externalized property 'dubbo.cloud.subscribed-services' to specify the services
[${project.name}][${env:SERVER_PORT}] 2021-09-06 14:27:11,002 WARN
            [ThreadPoolTaskScheduler-1][DubboServiceMetadataRepository.java:216] - Current application will subscribe all services(size:2) in registry, a lot of memory and CPU cycles may be used, thus it's strongly recommend you using the externalized property 'dubbo.cloud.subscribed-services' to specify the services
[${project.name}][${env:SERVER_PORT}] 2021-09-06 14:27:41,019 WARN
            [ThreadPoolTaskScheduler-1][DubboServiceMetadataRepository.java:216] - Current application will subscribe all services(size:2) in registry, a lot of memory and CPU cycles may be used, thus it's strongly recommend you using the externalized property 'dubbo.cloud.subscribed-services' to specify the services
[${project.name}][${env:SERVER_PORT}] 2021-09-06 14:28:11,027 WARN
            [ThreadPoolTaskScheduler-1][DubboServiceMetadataRepository.java:216] - Current application will subscribe all services(size:2) in registry, a lot of memory and CPU cycles may be used, thus it's strongly recommend you using the externalized property 'dubbo.cloud.subscribed-services' to specify the services
[${project.name}][${env:SERVER_PORT}] 2021-09-06 14:28:41,035 WARN
            [ThreadPoolTaskScheduler-1][DubboServiceMetadataRepository.java:216] - Current application will subscribe all services(size:2) in registry, a lot of memory and CPU cycles may be used, thus it's strongly recommend you using the externalized property 'dubbo.cloud.subscribed-services' to specify the services
[${project.name}][${env:SERVER_PORT}] 2021-09-06 14:29:11,055 WARN
            [ThreadPoolTaskScheduler-1][DubboServiceMetadataRepository.java:216] - Current application will subscribe all services(size:2) in registry, a lot of memory and CPU cycles may be used, thus it's strongly recommend you using the externalized property 'dubbo.cloud.subscribed-services' to specify the services
[${project.name}][${env:SERVER_PORT}] 2021-09-06 14:29:41,073 WARN
            [ThreadPoolTaskScheduler-1][DubboServiceMetadataRepository.java:216] - Current application will subscribe all services(size:2) in registry, a lot of memory and CPU cycles may be used, thus it's strongly recommend you using the externalized property 'dubbo.cloud.subscribed-services' to specify the services
[${project.name}][${env:SERVER_PORT}] 2021-09-06 14:30:11,092 WARN
            [ThreadPoolTaskScheduler-1][DubboServiceMetadataRepository.java:216] - Current application will subscribe all services(size:2) in registry, a lot of memory and CPU cycles may be used, thus it's strongly recommend you using the externalized property 'dubbo.cloud.subscribed-services' to specify the services
[${project.name}][${env:SERVER_PORT}] 2021-09-06 14:30:41,116 WARN
            [ThreadPoolTaskScheduler-1][DubboServiceMetadataRepository.java:216] - Current application will subscribe all services(size:2) in registry, a lot of memory and CPU cycles may be used, thus it's strongly recommend you using the externalized property 'dubbo.cloud.subscribed-services' to specify the services
[${project.name}][${env:SERVER_PORT}] 2021-09-06 14:31:11,128 WARN
            [ThreadPoolTaskScheduler-1][DubboServiceMetadataRepository.java:216] - Current application will subscribe all services(size:2) in registry, a lot of memory and CPU cycles may be used, thus it's strongly recommend you using the externalized property 'dubbo.cloud.subscribed-services' to specify the services
[${project.name}][${env:SERVER_PORT}] 2021-09-06 14:31:41,139 WARN
            [ThreadPoolTaskScheduler-1][DubboServiceMetadataRepository.java:216] - Current application will subscribe all services(size:2) in registry, a lot of memory and CPU cycles may be used, thus it's strongly recommend you using the externalized property 'dubbo.cloud.subscribed-services' to specify the services
[${project.name}][${env:SERVER_PORT}] 2021-09-06 14:32:11,155 WARN
            [ThreadPoolTaskScheduler-1][DubboServiceMetadataRepository.java:216] - Current application will subscribe all services(size:2) in registry, a lot of memory and CPU cycles may be used, thus it's strongly recommend you using the externalized property 'dubbo.cloud.subscribed-services' to specify the services
[${project.name}][${env:SERVER_PORT}] 2021-09-06 14:32:41,172 WARN
            [ThreadPoolTaskScheduler-1][DubboServiceMetadataRepository.java:216] - Current application will subscribe all services(size:2) in registry, a lot of memory and CPU cycles may be used, thus it's strongly recommend you using the externalized property 'dubbo.cloud.subscribed-services' to specify the services
[${project.name}][${env:SERVER_PORT}] 2021-09-06 14:33:11,187 WARN
            [ThreadPoolTaskScheduler-1][DubboServiceMetadataRepository.java:216] - Current application will subscribe all services(size:2) in registry, a lot of memory and CPU cycles may be used, thus it's strongly recommend you using the externalized property 'dubbo.cloud.subscribed-services' to specify the services
[${project.name}][${env:SERVER_PORT}] 2021-09-06 14:33:41,210 WARN
            [ThreadPoolTaskScheduler-1][DubboServiceMetadataRepository.java:216] - Current application will subscribe all services(size:2) in registry, a lot of memory and CPU cycles may be used, thus it's strongly recommend you using the externalized property 'dubbo.cloud.subscribed-services' to specify the services
[${project.name}][${env:SERVER_PORT}] 2021-09-06 14:34:11,231 WARN
            [ThreadPoolTaskScheduler-1][DubboServiceMetadataRepository.java:216] - Current application will subscribe all services(size:2) in registry, a lot of memory and CPU cycles may be used, thus it's strongly recommend you using the externalized property 'dubbo.cloud.subscribed-services' to specify the services
[${project.name}][${env:SERVER_PORT}] 2021-09-06 14:34:41,243 WARN
            [ThreadPoolTaskScheduler-1][DubboServiceMetadataRepository.java:216] - Current application will subscribe all services(size:2) in registry, a lot of memory and CPU cycles may be used, thus it's strongly recommend you using the externalized property 'dubbo.cloud.subscribed-services' to specify the services
[${project.name}][${env:SERVER_PORT}] 2021-09-06 14:35:11,257 WARN
            [ThreadPoolTaskScheduler-1][DubboServiceMetadataRepository.java:216] - Current application will subscribe all services(size:2) in registry, a lot of memory and CPU cycles may be used, thus it's strongly recommend you using the externalized property 'dubbo.cloud.subscribed-services' to specify the services
[${project.name}][${env:SERVER_PORT}] 2021-09-06 14:35:41,275 WARN
            [ThreadPoolTaskScheduler-1][DubboServiceMetadataRepository.java:216] - Current application will subscribe all services(size:2) in registry, a lot of memory and CPU cycles may be used, thus it's strongly recommend you using the externalized property 'dubbo.cloud.subscribed-services' to specify the services
[${project.name}][${env:SERVER_PORT}] 2021-09-06 14:36:11,290 WARN
            [ThreadPoolTaskScheduler-1][DubboServiceMetadataRepository.java:216] - Current application will subscribe all services(size:2) in registry, a lot of memory and CPU cycles may be used, thus it's strongly recommend you using the externalized property 'dubbo.cloud.subscribed-services' to specify the services
[${project.name}][${env:SERVER_PORT}] 2021-09-06 14:36:41,301 WARN
            [ThreadPoolTaskScheduler-1][DubboServiceMetadataRepository.java:216] - Current application will subscribe all services(size:2) in registry, a lot of memory and CPU cycles may be used, thus it's strongly recommend you using the externalized property 'dubbo.cloud.subscribed-services' to specify the services
[${project.name}][${env:SERVER_PORT}] 2021-09-06 14:37:11,313 WARN
            [ThreadPoolTaskScheduler-1][DubboServiceMetadataRepository.java:216] - Current application will subscribe all services(size:2) in registry, a lot of memory and CPU cycles may be used, thus it's strongly recommend you using the externalized property 'dubbo.cloud.subscribed-services' to specify the services
[${project.name}][${env:SERVER_PORT}] 2021-09-06 14:37:41,329 WARN
            [ThreadPoolTaskScheduler-1][DubboServiceMetadataRepository.java:216] - Current application will subscribe all services(size:2) in registry, a lot of memory and CPU cycles may be used, thus it's strongly recommend you using the externalized property 'dubbo.cloud.subscribed-services' to specify the services
[${project.name}][${env:SERVER_PORT}] 2021-09-06 14:38:11,343 WARN
            [ThreadPoolTaskScheduler-1][DubboServiceMetadataRepository.java:216] - Current application will subscribe all services(size:2) in registry, a lot of memory and CPU cycles may be used, thus it's strongly recommend you using the externalized property 'dubbo.cloud.subscribed-services' to specify the services
[${project.name}][${env:SERVER_PORT}] 2021-09-06 14:38:41,363 WARN
            [ThreadPoolTaskScheduler-1][DubboServiceMetadataRepository.java:216] - Current application will subscribe all services(size:2) in registry, a lot of memory and CPU cycles may be used, thus it's strongly recommend you using the externalized property 'dubbo.cloud.subscribed-services' to specify the services
[${project.name}][${env:SERVER_PORT}] 2021-09-06 14:38:59,499 INFO
            [Thread-47][AbstractRegistry.java:291] -  [DUBBO] Unregister: dubbo://192.168.2.114:20890/com.alibaba.cloud.dubbo.service.DubboMetadataService?anyhost=true&application=huiminpay-merchant-service&deprecated=false&dubbo=2.0.2&dynamic=true&generic=false&group=huiminpay-merchant-service&interface=com.alibaba.cloud.dubbo.service.DubboMetadataService&methods=getAllServiceKeys,getServiceRestMetadata,getExportedURLs,getAllExportedURLs&pid=10092&register=true&release=2.7.3&revision=2.1.0.RELEASE&side=provider&timestamp=1630898887134&version=1.0.0, dubbo version: 2.7.3, current host: 192.168.2.114
[${project.name}][${env:SERVER_PORT}] 2021-09-06 14:38:59,506 INFO
            [Thread-47][AbstractRegistry.java:320] -  [DUBBO] Unsubscribe: provider://192.168.2.114:20890/com.alibaba.cloud.dubbo.service.DubboMetadataService?anyhost=true&application=huiminpay-merchant-service&bind.ip=192.168.2.114&bind.port=20890&category=configurators&check=false&deprecated=false&dubbo=2.0.2&dynamic=true&generic=false&group=huiminpay-merchant-service&interface=com.alibaba.cloud.dubbo.service.DubboMetadataService&methods=getAllServiceKeys,getServiceRestMetadata,getExportedURLs,getAllExportedURLs&pid=10092&qos.enable=false&qos.port=22240&register=true&release=2.7.3&revision=2.1.0.RELEASE&side=provider&timestamp=1630898887134&version=1.0.0, dubbo version: 2.7.3, current host: 192.168.2.114
[${project.name}][${env:SERVER_PORT}] 2021-09-06 14:38:59,508 INFO
            [Thread-47][DubboMetadataServiceExporter.java:107] - The Dubbo service[<dubbo:service path="com.alibaba.cloud.dubbo.service.DubboMetadataService" ref="com.alibaba.cloud.dubbo.service.IntrospectiveDubboMetadataService@48a38a12" prefix="dubbo.service.com.alibaba.cloud.dubbo.service.DubboMetadataService" generic="false" exported="true" unexported="true" interface="com.alibaba.cloud.dubbo.service.DubboMetadataService" version="1.0.0" dynamic="true" group="huiminpay-merchant-service" register="true" deprecated="false" id="com.alibaba.cloud.dubbo.service.DubboMetadataService" valid="true" />] has been unexported.
[${project.name}][${env:SERVER_PORT}] 2021-09-06 14:38:59,508 INFO
            [Exporter-Unexport-thread-1][RegistryProtocol.java:689] -  [DUBBO] Waiting 10000ms for registry to notify all consumers before unexport. Usually, this is called when you use dubbo API, dubbo version: 2.7.3, current host: 192.168.2.114
[${project.name}][${env:SERVER_PORT}] 2021-09-06 14:38:59,508 INFO
            [Thread-47][AwaitingNonWebApplicationListener.java:155] -  [Dubbo] Current Spring Boot Application is about to shutdown...
[${project.name}][${env:SERVER_PORT}] 2021-09-06 14:38:59,509 INFO
            [Thread-47][AbstractRegistryFactory.java:68] -  [DUBBO] Close all registries [nacos://127.0.0.1:8848/org.apache.dubbo.registry.RegistryService?application=huiminpay-merchant-service&dubbo=2.0.2&interface=org.apache.dubbo.registry.RegistryService&pid=10092&qos.enable=false&qos.port=22240&release=2.7.3&timestamp=1630898885117], dubbo version: 2.7.3, current host: 192.168.2.114
[${project.name}][${env:SERVER_PORT}] 2021-09-06 14:38:59,509 INFO
            [Thread-47][AbstractRegistry.java:458] -  [DUBBO] Destroy registry:nacos://127.0.0.1:8848/org.apache.dubbo.registry.RegistryService?application=huiminpay-merchant-service&dubbo=2.0.2&interface=org.apache.dubbo.registry.RegistryService&pid=10092&qos.enable=false&qos.port=22240&release=2.7.3&timestamp=1630898885117, dubbo version: 2.7.3, current host: 192.168.2.114
[${project.name}][${env:SERVER_PORT}] 2021-09-06 14:38:59,509 INFO
            [Thread-47][AbstractRegistry.java:291] -  [DUBBO] Unregister: dubbo://192.168.2.114:20890/com.huiminpay.merchant.api.AppServiceApi?anyhost=true&application=huiminpay-merchant-service&bean.name=ServiceBean:com.huiminpay.merchant.api.AppServiceApi&deprecated=false&dubbo=2.0.2&dynamic=true&generic=false&interface=com.huiminpay.merchant.api.AppServiceApi&methods=findAppByAppId,findAppsByMerchantId,createApp&pid=10092&register=true&release=2.7.3&side=provider&timestamp=1630898885119, dubbo version: 2.7.3, current host: 192.168.2.114
[${project.name}][${env:SERVER_PORT}] 2021-09-06 14:38:59,511 INFO
            [Thread-47][AbstractRegistry.java:467] -  [DUBBO] Destroy unregister url dubbo://192.168.2.114:20890/com.huiminpay.merchant.api.AppServiceApi?anyhost=true&application=huiminpay-merchant-service&bean.name=ServiceBean:com.huiminpay.merchant.api.AppServiceApi&deprecated=false&dubbo=2.0.2&dynamic=true&generic=false&interface=com.huiminpay.merchant.api.AppServiceApi&methods=findAppByAppId,findAppsByMerchantId,createApp&pid=10092&register=true&release=2.7.3&side=provider&timestamp=1630898885119, dubbo version: 2.7.3, current host: 192.168.2.114
[${project.name}][${env:SERVER_PORT}] 2021-09-06 14:38:59,512 INFO
            [Thread-47][AbstractRegistry.java:291] -  [DUBBO] Unregister: dubbo://192.168.2.114:20890/com.huiminpay.merchant.api.StoreServiceApi?anyhost=true&application=huiminpay-merchant-service&bean.name=ServiceBean:com.huiminpay.merchant.api.StoreServiceApi&deprecated=false&dubbo=2.0.2&dynamic=true&generic=false&interface=com.huiminpay.merchant.api.StoreServiceApi&methods=findStoresByMerchantId,checkStoreApp2Merchant&pid=10092&register=true&release=2.7.3&side=provider&timestamp=1630898886835, dubbo version: 2.7.3, current host: 192.168.2.114
[${project.name}][${env:SERVER_PORT}] 2021-09-06 14:38:59,513 INFO
            [Thread-47][AbstractRegistry.java:467] -  [DUBBO] Destroy unregister url dubbo://192.168.2.114:20890/com.huiminpay.merchant.api.StoreServiceApi?anyhost=true&application=huiminpay-merchant-service&bean.name=ServiceBean:com.huiminpay.merchant.api.StoreServiceApi&deprecated=false&dubbo=2.0.2&dynamic=true&generic=false&interface=com.huiminpay.merchant.api.StoreServiceApi&methods=findStoresByMerchantId,checkStoreApp2Merchant&pid=10092&register=true&release=2.7.3&side=provider&timestamp=1630898886835, dubbo version: 2.7.3, current host: 192.168.2.114
[${project.name}][${env:SERVER_PORT}] 2021-09-06 14:38:59,513 INFO
            [Thread-47][AbstractRegistry.java:291] -  [DUBBO] Unregister: dubbo://192.168.2.114:20890/com.huiminpay.merchant.api.StaffServiceApi?anyhost=true&application=huiminpay-merchant-service&bean.name=ServiceBean:com.huiminpay.merchant.api.StaffServiceApi&deprecated=false&dubbo=2.0.2&dynamic=true&generic=false&interface=com.huiminpay.merchant.api.StaffServiceApi&methods=bindStaff2Store,createStaff&pid=10092&register=true&release=2.7.3&side=provider&timestamp=1630898886579, dubbo version: 2.7.3, current host: 192.168.2.114
[${project.name}][${env:SERVER_PORT}] 2021-09-06 14:38:59,515 INFO
            [Thread-47][AbstractRegistry.java:467] -  [DUBBO] Destroy unregister url dubbo://192.168.2.114:20890/com.huiminpay.merchant.api.StaffServiceApi?anyhost=true&application=huiminpay-merchant-service&bean.name=ServiceBean:com.huiminpay.merchant.api.StaffServiceApi&deprecated=false&dubbo=2.0.2&dynamic=true&generic=false&interface=com.huiminpay.merchant.api.StaffServiceApi&methods=bindStaff2Store,createStaff&pid=10092&register=true&release=2.7.3&side=provider&timestamp=1630898886579, dubbo version: 2.7.3, current host: 192.168.2.114
[${project.name}][${env:SERVER_PORT}] 2021-09-06 14:38:59,515 INFO
            [Thread-47][AbstractRegistry.java:291] -  [DUBBO] Unregister: dubbo://192.168.2.114:20890/com.huiminpay.merchant.api.MerchantServiceApi?anyhost=true&application=huiminpay-merchant-service&bean.name=ServiceBean:com.huiminpay.merchant.api.MerchantServiceApi&deprecated=false&dubbo=2.0.2&dynamic=true&generic=false&interface=com.huiminpay.merchant.api.MerchantServiceApi&methods=registerMerchant,findMerchantById&pid=10092&register=true&release=2.7.3&side=provider&timestamp=1630898886328, dubbo version: 2.7.3, current host: 192.168.2.114
[${project.name}][${env:SERVER_PORT}] 2021-09-06 14:38:59,517 INFO
            [Thread-47][AbstractRegistry.java:467] -  [DUBBO] Destroy unregister url dubbo://192.168.2.114:20890/com.huiminpay.merchant.api.MerchantServiceApi?anyhost=true&application=huiminpay-merchant-service&bean.name=ServiceBean:com.huiminpay.merchant.api.MerchantServiceApi&deprecated=false&dubbo=2.0.2&dynamic=true&generic=false&interface=com.huiminpay.merchant.api.MerchantServiceApi&methods=registerMerchant,findMerchantById&pid=10092&register=true&release=2.7.3&side=provider&timestamp=1630898886328, dubbo version: 2.7.3, current host: 192.168.2.114
[${project.name}][${env:SERVER_PORT}] 2021-09-06 14:38:59,518 INFO
            [Thread-47][AbstractRegistry.java:320] -  [DUBBO] Unsubscribe: provider://192.168.2.114:20890/com.huiminpay.merchant.api.MerchantServiceApi?anyhost=true&application=huiminpay-merchant-service&bean.name=ServiceBean:com.huiminpay.merchant.api.MerchantServiceApi&bind.ip=192.168.2.114&bind.port=20890&category=configurators&check=false&deprecated=false&dubbo=2.0.2&dynamic=true&generic=false&interface=com.huiminpay.merchant.api.MerchantServiceApi&methods=registerMerchant,findMerchantById&pid=10092&qos.enable=false&qos.port=22240&register=true&release=2.7.3&side=provider&timestamp=1630898886328, dubbo version: 2.7.3, current host: 192.168.2.114
[${project.name}][${env:SERVER_PORT}] 2021-09-06 14:38:59,518 INFO
            [Thread-47][AbstractRegistry.java:483] -  [DUBBO] Destroy unsubscribe url provider://192.168.2.114:20890/com.huiminpay.merchant.api.MerchantServiceApi?anyhost=true&application=huiminpay-merchant-service&bean.name=ServiceBean:com.huiminpay.merchant.api.MerchantServiceApi&bind.ip=192.168.2.114&bind.port=20890&category=configurators&check=false&deprecated=false&dubbo=2.0.2&dynamic=true&generic=false&interface=com.huiminpay.merchant.api.MerchantServiceApi&methods=registerMerchant,findMerchantById&pid=10092&qos.enable=false&qos.port=22240&register=true&release=2.7.3&side=provider&timestamp=1630898886328, dubbo version: 2.7.3, current host: 192.168.2.114
[${project.name}][${env:SERVER_PORT}] 2021-09-06 14:38:59,518 INFO
            [Thread-47][AbstractRegistry.java:320] -  [DUBBO] Unsubscribe: provider://192.168.2.114:20890/com.huiminpay.merchant.api.StaffServiceApi?anyhost=true&application=huiminpay-merchant-service&bean.name=ServiceBean:com.huiminpay.merchant.api.StaffServiceApi&bind.ip=192.168.2.114&bind.port=20890&category=configurators&check=false&deprecated=false&dubbo=2.0.2&dynamic=true&generic=false&interface=com.huiminpay.merchant.api.StaffServiceApi&methods=bindStaff2Store,createStaff&pid=10092&qos.enable=false&qos.port=22240&register=true&release=2.7.3&side=provider&timestamp=1630898886579, dubbo version: 2.7.3, current host: 192.168.2.114
[${project.name}][${env:SERVER_PORT}] 2021-09-06 14:38:59,518 INFO
            [Thread-47][AbstractRegistry.java:483] -  [DUBBO] Destroy unsubscribe url provider://192.168.2.114:20890/com.huiminpay.merchant.api.StaffServiceApi?anyhost=true&application=huiminpay-merchant-service&bean.name=ServiceBean:com.huiminpay.merchant.api.StaffServiceApi&bind.ip=192.168.2.114&bind.port=20890&category=configurators&check=false&deprecated=false&dubbo=2.0.2&dynamic=true&generic=false&interface=com.huiminpay.merchant.api.StaffServiceApi&methods=bindStaff2Store,createStaff&pid=10092&qos.enable=false&qos.port=22240&register=true&release=2.7.3&side=provider&timestamp=1630898886579, dubbo version: 2.7.3, current host: 192.168.2.114
[${project.name}][${env:SERVER_PORT}] 2021-09-06 14:38:59,518 INFO
            [Thread-47][AbstractRegistry.java:320] -  [DUBBO] Unsubscribe: provider://192.168.2.114:20890/com.huiminpay.merchant.api.StoreServiceApi?anyhost=true&application=huiminpay-merchant-service&bean.name=ServiceBean:com.huiminpay.merchant.api.StoreServiceApi&bind.ip=192.168.2.114&bind.port=20890&category=configurators&check=false&deprecated=false&dubbo=2.0.2&dynamic=true&generic=false&interface=com.huiminpay.merchant.api.StoreServiceApi&methods=findStoresByMerchantId,checkStoreApp2Merchant&pid=10092&qos.enable=false&qos.port=22240&register=true&release=2.7.3&side=provider&timestamp=1630898886835, dubbo version: 2.7.3, current host: 192.168.2.114
[${project.name}][${env:SERVER_PORT}] 2021-09-06 14:38:59,519 INFO
            [Thread-47][AbstractRegistry.java:483] -  [DUBBO] Destroy unsubscribe url provider://192.168.2.114:20890/com.huiminpay.merchant.api.StoreServiceApi?anyhost=true&application=huiminpay-merchant-service&bean.name=ServiceBean:com.huiminpay.merchant.api.StoreServiceApi&bind.ip=192.168.2.114&bind.port=20890&category=configurators&check=false&deprecated=false&dubbo=2.0.2&dynamic=true&generic=false&interface=com.huiminpay.merchant.api.StoreServiceApi&methods=findStoresByMerchantId,checkStoreApp2Merchant&pid=10092&qos.enable=false&qos.port=22240&register=true&release=2.7.3&side=provider&timestamp=1630898886835, dubbo version: 2.7.3, current host: 192.168.2.114
[${project.name}][${env:SERVER_PORT}] 2021-09-06 14:38:59,519 INFO
            [Thread-47][AbstractRegistry.java:320] -  [DUBBO] Unsubscribe: provider://192.168.2.114:20890/com.huiminpay.merchant.api.AppServiceApi?anyhost=true&application=huiminpay-merchant-service&bean.name=ServiceBean:com.huiminpay.merchant.api.AppServiceApi&bind.ip=192.168.2.114&bind.port=20890&category=configurators&check=false&deprecated=false&dubbo=2.0.2&dynamic=true&generic=false&interface=com.huiminpay.merchant.api.AppServiceApi&methods=findAppByAppId,findAppsByMerchantId,createApp&pid=10092&qos.enable=false&qos.port=22240&register=true&release=2.7.3&side=provider&timestamp=1630898885119, dubbo version: 2.7.3, current host: 192.168.2.114
[${project.name}][${env:SERVER_PORT}] 2021-09-06 14:38:59,519 INFO
            [Thread-47][AbstractRegistry.java:483] -  [DUBBO] Destroy unsubscribe url provider://192.168.2.114:20890/com.huiminpay.merchant.api.AppServiceApi?anyhost=true&application=huiminpay-merchant-service&bean.name=ServiceBean:com.huiminpay.merchant.api.AppServiceApi&bind.ip=192.168.2.114&bind.port=20890&category=configurators&check=false&deprecated=false&dubbo=2.0.2&dynamic=true&generic=false&interface=com.huiminpay.merchant.api.AppServiceApi&methods=findAppByAppId,findAppsByMerchantId,createApp&pid=10092&qos.enable=false&qos.port=22240&register=true&release=2.7.3&side=provider&timestamp=1630898885119, dubbo version: 2.7.3, current host: 192.168.2.114
[${project.name}][${env:SERVER_PORT}] 2021-09-06 14:38:59,519 INFO
            [Thread-47][DubboProtocol.java:616] -  [DUBBO] Close dubbo server: /192.168.2.114:20890, dubbo version: 2.7.3, current host: 192.168.2.114
[${project.name}][${env:SERVER_PORT}] 2021-09-06 14:38:59,521 INFO
            [Thread-47][AbstractServer.java:153] -  [DUBBO] Close NettyServer bind /0.0.0.0:20890, export /192.168.2.114:20890, dubbo version: 2.7.3, current host: 192.168.2.114
[${project.name}][${env:SERVER_PORT}] 2021-09-06 14:38:59,526 INFO
            [Thread-47][AbstractProtocol.java:79] -  [DUBBO] Unexport service: dubbo://192.168.2.114:20890/com.huiminpay.merchant.api.MerchantServiceApi?anyhost=true&application=huiminpay-merchant-service&bean.name=ServiceBean:com.huiminpay.merchant.api.MerchantServiceApi&bind.ip=192.168.2.114&bind.port=20890&deprecated=false&dubbo=2.0.2&dynamic=true&generic=false&interface=com.huiminpay.merchant.api.MerchantServiceApi&methods=registerMerchant,findMerchantById&pid=10092&qos.enable=false&qos.port=22240&register=true&release=2.7.3&side=provider&timestamp=1630898886328, dubbo version: 2.7.3, current host: 192.168.2.114
[${project.name}][${env:SERVER_PORT}] 2021-09-06 14:38:59,527 INFO
            [Thread-47][AbstractProtocol.java:79] -  [DUBBO] Unexport service: dubbo://192.168.2.114:20890/com.alibaba.cloud.dubbo.service.DubboMetadataService?anyhost=true&application=huiminpay-merchant-service&bind.ip=192.168.2.114&bind.port=20890&deprecated=false&dubbo=2.0.2&dynamic=true&generic=false&group=huiminpay-merchant-service&interface=com.alibaba.cloud.dubbo.service.DubboMetadataService&methods=getAllServiceKeys,getServiceRestMetadata,getExportedURLs,getAllExportedURLs&pid=10092&qos.enable=false&qos.port=22240&register=true&release=2.7.3&revision=2.1.0.RELEASE&side=provider&timestamp=1630898887134&version=1.0.0, dubbo version: 2.7.3, current host: 192.168.2.114
[${project.name}][${env:SERVER_PORT}] 2021-09-06 14:38:59,527 INFO
            [Thread-47][AbstractProtocol.java:79] -  [DUBBO] Unexport service: dubbo://192.168.2.114:20890/com.huiminpay.merchant.api.AppServiceApi?anyhost=true&application=huiminpay-merchant-service&bean.name=ServiceBean:com.huiminpay.merchant.api.AppServiceApi&bind.ip=192.168.2.114&bind.port=20890&deprecated=false&dubbo=2.0.2&dynamic=true&generic=false&interface=com.huiminpay.merchant.api.AppServiceApi&methods=findAppByAppId,findAppsByMerchantId,createApp&pid=10092&qos.enable=false&qos.port=22240&register=true&release=2.7.3&side=provider&timestamp=1630898885119, dubbo version: 2.7.3, current host: 192.168.2.114
[${project.name}][${env:SERVER_PORT}] 2021-09-06 14:38:59,527 INFO
            [Thread-47][AbstractProtocol.java:79] -  [DUBBO] Unexport service: dubbo://192.168.2.114:20890/com.huiminpay.merchant.api.StaffServiceApi?anyhost=true&application=huiminpay-merchant-service&bean.name=ServiceBean:com.huiminpay.merchant.api.StaffServiceApi&bind.ip=192.168.2.114&bind.port=20890&deprecated=false&dubbo=2.0.2&dynamic=true&generic=false&interface=com.huiminpay.merchant.api.StaffServiceApi&methods=bindStaff2Store,createStaff&pid=10092&qos.enable=false&qos.port=22240&register=true&release=2.7.3&side=provider&timestamp=1630898886579, dubbo version: 2.7.3, current host: 192.168.2.114
[${project.name}][${env:SERVER_PORT}] 2021-09-06 14:38:59,527 INFO
            [Thread-47][AbstractProtocol.java:79] -  [DUBBO] Unexport service: dubbo://192.168.2.114:20890/com.huiminpay.merchant.api.StoreServiceApi?anyhost=true&application=huiminpay-merchant-service&bean.name=ServiceBean:com.huiminpay.merchant.api.StoreServiceApi&bind.ip=192.168.2.114&bind.port=20890&deprecated=false&dubbo=2.0.2&dynamic=true&generic=false&interface=com.huiminpay.merchant.api.StoreServiceApi&methods=findStoresByMerchantId,checkStoreApp2Merchant&pid=10092&qos.enable=false&qos.port=22240&register=true&release=2.7.3&side=provider&timestamp=1630898886835, dubbo version: 2.7.3, current host: 192.168.2.114
[${project.name}][${env:SERVER_PORT}] 2021-09-06 14:38:59,531 INFO
            [Thread-47][Server.java:112] -  [DUBBO] qos-server stopped., dubbo version: 2.7.3, current host: 192.168.2.114
[${project.name}][${env:SERVER_PORT}] 2021-09-06 14:38:59,531 INFO
            [Thread-47][AbstractProtocol.java:79] -  [DUBBO] Unexport service: injvm://127.0.0.1/com.huiminpay.merchant.api.MerchantServiceApi?anyhost=true&application=huiminpay-merchant-service&bean.name=ServiceBean:com.huiminpay.merchant.api.MerchantServiceApi&bind.ip=192.168.2.114&bind.port=20890&deprecated=false&dubbo=2.0.2&dynamic=true&generic=false&interface=com.huiminpay.merchant.api.MerchantServiceApi&methods=registerMerchant,findMerchantById&pid=10092&qos.enable=false&qos.port=22240&register=true&release=2.7.3&side=provider&timestamp=1630898886328, dubbo version: 2.7.3, current host: 192.168.2.114
[${project.name}][${env:SERVER_PORT}] 2021-09-06 14:38:59,532 INFO
            [Thread-47][AbstractProtocol.java:79] -  [DUBBO] Unexport service: injvm://127.0.0.1/com.huiminpay.merchant.api.StoreServiceApi?anyhost=true&application=huiminpay-merchant-service&bean.name=ServiceBean:com.huiminpay.merchant.api.StoreServiceApi&bind.ip=192.168.2.114&bind.port=20890&deprecated=false&dubbo=2.0.2&dynamic=true&generic=false&interface=com.huiminpay.merchant.api.StoreServiceApi&methods=findStoresByMerchantId,checkStoreApp2Merchant&pid=10092&qos.enable=false&qos.port=22240&register=true&release=2.7.3&side=provider&timestamp=1630898886835, dubbo version: 2.7.3, current host: 192.168.2.114
[${project.name}][${env:SERVER_PORT}] 2021-09-06 14:38:59,532 INFO
            [Thread-47][AbstractProtocol.java:79] -  [DUBBO] Unexport service: injvm://127.0.0.1/com.huiminpay.merchant.api.AppServiceApi?anyhost=true&application=huiminpay-merchant-service&bean.name=ServiceBean:com.huiminpay.merchant.api.AppServiceApi&bind.ip=192.168.2.114&bind.port=20890&deprecated=false&dubbo=2.0.2&dynamic=true&generic=false&interface=com.huiminpay.merchant.api.AppServiceApi&methods=findAppByAppId,findAppsByMerchantId,createApp&pid=10092&qos.enable=false&qos.port=22240&register=true&release=2.7.3&side=provider&timestamp=1630898885119, dubbo version: 2.7.3, current host: 192.168.2.114
[${project.name}][${env:SERVER_PORT}] 2021-09-06 14:38:59,532 INFO
            [Thread-47][AbstractProtocol.java:79] -  [DUBBO] Unexport service: injvm://127.0.0.1/com.huiminpay.merchant.api.StaffServiceApi?anyhost=true&application=huiminpay-merchant-service&bean.name=ServiceBean:com.huiminpay.merchant.api.StaffServiceApi&bind.ip=192.168.2.114&bind.port=20890&deprecated=false&dubbo=2.0.2&dynamic=true&generic=false&interface=com.huiminpay.merchant.api.StaffServiceApi&methods=bindStaff2Store,createStaff&pid=10092&qos.enable=false&qos.port=22240&register=true&release=2.7.3&side=provider&timestamp=1630898886579, dubbo version: 2.7.3, current host: 192.168.2.114
[${project.name}][${env:SERVER_PORT}] 2021-09-06 14:38:59,534 INFO
            [Thread-47][AbstractRegistry.java:291] -  [DUBBO] Unregister: dubbo://192.168.2.114:20890/com.huiminpay.merchant.api.MerchantServiceApi?anyhost=true&application=huiminpay-merchant-service&bean.name=ServiceBean:com.huiminpay.merchant.api.MerchantServiceApi&deprecated=false&dubbo=2.0.2&dynamic=true&generic=false&interface=com.huiminpay.merchant.api.MerchantServiceApi&methods=registerMerchant,findMerchantById&pid=10092&register=true&release=2.7.3&side=provider&timestamp=1630898886328, dubbo version: 2.7.3, current host: 192.168.2.114
[${project.name}][${env:SERVER_PORT}] 2021-09-06 14:38:59,535 INFO
            [Thread-47][AbstractRegistry.java:320] -  [DUBBO] Unsubscribe: provider://192.168.2.114:20890/com.huiminpay.merchant.api.MerchantServiceApi?anyhost=true&application=huiminpay-merchant-service&bean.name=ServiceBean:com.huiminpay.merchant.api.MerchantServiceApi&bind.ip=192.168.2.114&bind.port=20890&category=configurators&check=false&deprecated=false&dubbo=2.0.2&dynamic=true&generic=false&interface=com.huiminpay.merchant.api.MerchantServiceApi&methods=registerMerchant,findMerchantById&pid=10092&qos.enable=false&qos.port=22240&register=true&release=2.7.3&side=provider&timestamp=1630898886328, dubbo version: 2.7.3, current host: 192.168.2.114
[${project.name}][${env:SERVER_PORT}] 2021-09-06 14:38:59,536 INFO
            [Exporter-Unexport-thread-1][RegistryProtocol.java:689] -  [DUBBO] Waiting 10000ms for registry to notify all consumers before unexport. Usually, this is called when you use dubbo API, dubbo version: 2.7.3, current host: 192.168.2.114
[${project.name}][${env:SERVER_PORT}] 2021-09-06 14:38:59,537 INFO
            [Thread-47][AbstractRegistry.java:291] -  [DUBBO] Unregister: dubbo://192.168.2.114:20890/com.huiminpay.merchant.api.AppServiceApi?anyhost=true&application=huiminpay-merchant-service&bean.name=ServiceBean:com.huiminpay.merchant.api.AppServiceApi&deprecated=false&dubbo=2.0.2&dynamic=true&generic=false&interface=com.huiminpay.merchant.api.AppServiceApi&methods=findAppByAppId,findAppsByMerchantId,createApp&pid=10092&register=true&release=2.7.3&side=provider&timestamp=1630898885119, dubbo version: 2.7.3, current host: 192.168.2.114
[${project.name}][${env:SERVER_PORT}] 2021-09-06 14:38:59,537 INFO
            [Thread-47][AbstractRegistry.java:320] -  [DUBBO] Unsubscribe: provider://192.168.2.114:20890/com.huiminpay.merchant.api.AppServiceApi?anyhost=true&application=huiminpay-merchant-service&bean.name=ServiceBean:com.huiminpay.merchant.api.AppServiceApi&bind.ip=192.168.2.114&bind.port=20890&category=configurators&check=false&deprecated=false&dubbo=2.0.2&dynamic=true&generic=false&interface=com.huiminpay.merchant.api.AppServiceApi&methods=findAppByAppId,findAppsByMerchantId,createApp&pid=10092&qos.enable=false&qos.port=22240&register=true&release=2.7.3&side=provider&timestamp=1630898885119, dubbo version: 2.7.3, current host: 192.168.2.114
[${project.name}][${env:SERVER_PORT}] 2021-09-06 14:38:59,538 INFO
            [Exporter-Unexport-thread-1][RegistryProtocol.java:689] -  [DUBBO] Waiting 10000ms for registry to notify all consumers before unexport. Usually, this is called when you use dubbo API, dubbo version: 2.7.3, current host: 192.168.2.114
[${project.name}][${env:SERVER_PORT}] 2021-09-06 14:38:59,539 INFO
            [Thread-47][AbstractRegistry.java:291] -  [DUBBO] Unregister: dubbo://192.168.2.114:20890/com.huiminpay.merchant.api.StoreServiceApi?anyhost=true&application=huiminpay-merchant-service&bean.name=ServiceBean:com.huiminpay.merchant.api.StoreServiceApi&deprecated=false&dubbo=2.0.2&dynamic=true&generic=false&interface=com.huiminpay.merchant.api.StoreServiceApi&methods=findStoresByMerchantId,checkStoreApp2Merchant&pid=10092&register=true&release=2.7.3&side=provider&timestamp=1630898886835, dubbo version: 2.7.3, current host: 192.168.2.114
[${project.name}][${env:SERVER_PORT}] 2021-09-06 14:38:59,539 INFO
            [Thread-47][AbstractRegistry.java:320] -  [DUBBO] Unsubscribe: provider://192.168.2.114:20890/com.huiminpay.merchant.api.StoreServiceApi?anyhost=true&application=huiminpay-merchant-service&bean.name=ServiceBean:com.huiminpay.merchant.api.StoreServiceApi&bind.ip=192.168.2.114&bind.port=20890&category=configurators&check=false&deprecated=false&dubbo=2.0.2&dynamic=true&generic=false&interface=com.huiminpay.merchant.api.StoreServiceApi&methods=findStoresByMerchantId,checkStoreApp2Merchant&pid=10092&qos.enable=false&qos.port=22240&register=true&release=2.7.3&side=provider&timestamp=1630898886835, dubbo version: 2.7.3, current host: 192.168.2.114
[${project.name}][${env:SERVER_PORT}] 2021-09-06 14:38:59,540 INFO
            [Exporter-Unexport-thread-1][RegistryProtocol.java:689] -  [DUBBO] Waiting 10000ms for registry to notify all consumers before unexport. Usually, this is called when you use dubbo API, dubbo version: 2.7.3, current host: 192.168.2.114
[${project.name}][${env:SERVER_PORT}] 2021-09-06 14:38:59,541 INFO
            [Thread-47][AbstractRegistry.java:291] -  [DUBBO] Unregister: dubbo://192.168.2.114:20890/com.huiminpay.merchant.api.StaffServiceApi?anyhost=true&application=huiminpay-merchant-service&bean.name=ServiceBean:com.huiminpay.merchant.api.StaffServiceApi&deprecated=false&dubbo=2.0.2&dynamic=true&generic=false&interface=com.huiminpay.merchant.api.StaffServiceApi&methods=bindStaff2Store,createStaff&pid=10092&register=true&release=2.7.3&side=provider&timestamp=1630898886579, dubbo version: 2.7.3, current host: 192.168.2.114
[${project.name}][${env:SERVER_PORT}] 2021-09-06 14:38:59,541 INFO
            [Thread-47][AbstractRegistry.java:320] -  [DUBBO] Unsubscribe: provider://192.168.2.114:20890/com.huiminpay.merchant.api.StaffServiceApi?anyhost=true&application=huiminpay-merchant-service&bean.name=ServiceBean:com.huiminpay.merchant.api.StaffServiceApi&bind.ip=192.168.2.114&bind.port=20890&category=configurators&check=false&deprecated=false&dubbo=2.0.2&dynamic=true&generic=false&interface=com.huiminpay.merchant.api.StaffServiceApi&methods=bindStaff2Store,createStaff&pid=10092&qos.enable=false&qos.port=22240&register=true&release=2.7.3&side=provider&timestamp=1630898886579, dubbo version: 2.7.3, current host: 192.168.2.114
[${project.name}][${env:SERVER_PORT}] 2021-09-06 14:38:59,541 INFO
            [Exporter-Unexport-thread-1][RegistryProtocol.java:689] -  [DUBBO] Waiting 10000ms for registry to notify all consumers before unexport. Usually, this is called when you use dubbo API, dubbo version: 2.7.3, current host: 192.168.2.114
[${project.name}][${env:SERVER_PORT}] 2021-09-06 14:38:59,546 INFO
            [Thread-47][NacosServiceRegistry.java:74] - De-registering from Nacos Server now...
[${project.name}][${env:SERVER_PORT}] 2021-09-06 14:38:59,549 INFO
            [Thread-47][NacosServiceRegistry.java:93] - De-registration finished.
[${project.name}][${env:SERVER_PORT}] 2021-09-06 14:38:59,553 INFO
            [Thread-47][ExecutorConfigurationSupport.java:208] - Shutting down ExecutorService 'applicationTaskExecutor'
[${project.name}][${env:SERVER_PORT}] 2021-09-06 14:38:59,558 INFO
            [Thread-47][DruidDataSource.java:1885] - {dataSource-1} closing ...
[${project.name}][${env:SERVER_PORT}] 2021-09-06 14:38:59,564 DEBUG
            [Thread-47][Log4j2Filter.java:132] - {conn-10001} closed
[${project.name}][${env:SERVER_PORT}] 2021-09-06 14:38:59,566 DEBUG
            [Thread-47][Log4j2Filter.java:132] - {conn-10002} closed
[${project.name}][${env:SERVER_PORT}] 2021-09-06 14:38:59,567 DEBUG
            [Thread-47][Log4j2Filter.java:132] - {conn-10003} closed
[${project.name}][${env:SERVER_PORT}] 2021-09-06 14:38:59,569 DEBUG
            [Thread-47][Log4j2Filter.java:132] - {conn-10004} closed
[${project.name}][${env:SERVER_PORT}] 2021-09-06 14:38:59,570 DEBUG
            [Thread-47][Log4j2Filter.java:132] - {conn-10005} closed
[${project.name}][${env:SERVER_PORT}] 2021-09-06 14:38:59,572 INFO
            [Thread-47][DruidDataSource.java:1955] - {dataSource-1} closed
[${project.name}][${env:SERVER_PORT}] 2021-09-06 14:38:59,575 INFO
            [Thread-47][DubboGenericServiceFactory.java:159] - The Dubbo GenericService ReferenceBeans are destroying...
[${project.name}][${env:SERVER_PORT}] 2021-09-06 14:38:59,576 INFO
            [Thread-47][AnnotationInjectedBeanPostProcessor.java:305] - class org.apache.dubbo.config.spring.beans.factory.annotation.ReferenceAnnotationBeanPostProcessor was destroying!
