[${project.name}][${env:SERVER_PORT}] 2021-08-18 14:59:37,811 INFO [main][StartupInfoLogger.java:50] - Starting SailingBootstrap on DESKTOP-0F52ALP with PID 2984 (F:\huiminpay\sailing\target\classes started by Wenbo in F:\huiminpay)
[${project.name}][${env:SERVER_PORT}] 2021-08-18 14:59:37,826 INFO [main][SpringApplication.java:675] - No active profile set, falling back to default profiles: default
[${project.name}][${env:SERVER_PORT}] 2021-08-18 14:59:39,390 INFO [main][RepositoryConfigurationDelegate.java:244] - Multiple Spring Data modules found, entering strict repository configuration mode!
[${project.name}][${env:SERVER_PORT}] 2021-08-18 14:59:39,396 INFO [main][RepositoryConfigurationDelegate.java:126] - Bootstrapping Spring Data repositories in DEFAULT mode.
[${project.name}][${env:SERVER_PORT}] 2021-08-18 14:59:39,461 INFO [main][RepositoryConfigurationDelegate.java:182] - Finished Spring Data repository scanning in 42ms. Found 0 repository interfaces.
[${project.name}][${env:SERVER_PORT}] 2021-08-18 14:59:40,386 INFO [main][TomcatWebServer.java:90] - Tomcat initialized with port(s): 56085 (http)
[${project.name}][${env:SERVER_PORT}] 2021-08-18 14:59:40,470 INFO [main][DirectJDKLog.java:173] - Initializing ProtocolHandler ["http-nio-56085"]
[${project.name}][${env:SERVER_PORT}] 2021-08-18 14:59:40,487 INFO [main][DirectJDKLog.java:173] - Starting service [Tomcat]
[${project.name}][${env:SERVER_PORT}] 2021-08-18 14:59:40,488 INFO [main][DirectJDKLog.java:173] - Starting Servlet engine: [Apache Tomcat/9.0.16]
[${project.name}][${env:SERVER_PORT}] 2021-08-18 14:59:40,500 INFO [main][DirectJDKLog.java:173] - The APR based Apache Tomcat Native library which allows optimal performance in production environments was not found on the java.library.path: [C:\Program Files\Java\jdk1.8.0_211\bin;C:\Windows\Sun\Java\bin;C:\Windows\system32;C:\Windows;D:\bin\;C:\oraclexe\app\oracle\product\10.2.0\server\bin;C:\Program Files (x86)\Common Files\Oracle\Java\javapath;C:\Windows\system32;C:\Windows;C:\Windows\System32\Wbem;C:\Windows\System32\WindowsPowerShell\v1.0\;C:\Windows\System32\OpenSSH\;"C:\Program Files\Java\jdk1.8.0_211\bin;";"C:\Program Files\Java\jdk1.8.0_211\jre\bin;";C:\Program Files\MySQL\MySQL Server 8.0\bin;"F:\tools\apache-tomcat-8.5.24\bin;";E:\apache-maven-3.3.3\bin;C:\Program Files\TortoiseGit\bin;"D:\erl-23.3\bin;";D:\nodejs\;D:\nodejs\npm_modules;F:\tools\ffmpeg-20180227-fa0c9d6-win64-static\bin;D:\Git\cmd;C:\Users\Wenbo\AppData\Local\Microsoft\WindowsApps;C:\Users\Wenbo\AppData\Roaming\npm;C:\Users\Wenbo\AppData\Local\Programs\Microsoft VS Code\bin;.]
[${project.name}][${env:SERVER_PORT}] 2021-08-18 14:59:40,719 INFO [main][DirectJDKLog.java:173] - Initializing Spring embedded WebApplicationContext
[${project.name}][${env:SERVER_PORT}] 2021-08-18 14:59:40,720 INFO [main][ServletWebServerApplicationContext.java:296] - Root WebApplicationContext: initialization completed in 2840 ms
[${project.name}][${env:SERVER_PORT}] 2021-08-18 14:59:42,101 INFO [main][EndpointLinksResolver.java:59] - Exposing 2 endpoint(s) beneath base path '/actuator'
[${project.name}][${env:SERVER_PORT}] 2021-08-18 14:59:42,225 INFO [main][PropertySourcedRequestMappingHandlerMapping.java:69] - Mapped URL path [/v2/api-docs] onto method [public org.springframework.http.ResponseEntity<springfox.documentation.spring.web.json.Json> springfox.documentation.swagger2.web.Swagger2Controller.getDocumentation(java.lang.String,javax.servlet.http.HttpServletRequest)]
[${project.name}][${env:SERVER_PORT}] 2021-08-18 14:59:42,436 INFO [main][ExecutorConfigurationSupport.java:171] - Initializing ExecutorService 'applicationTaskExecutor'
[${project.name}][${env:SERVER_PORT}] 2021-08-18 14:59:42,981 INFO [main][DocumentationPluginsBootstrapper.java:160] - Context refreshed
[${project.name}][${env:SERVER_PORT}] 2021-08-18 14:59:43,018 INFO [main][DocumentationPluginsBootstrapper.java:163] - Found 1 custom documentation plugin(s)
[${project.name}][${env:SERVER_PORT}] 2021-08-18 14:59:43,109 INFO [main][ApiListingReferenceScanner.java:41] - Scanning for api listing references
[${project.name}][${env:SERVER_PORT}] 2021-08-18 14:59:43,349 INFO [main][DirectJDKLog.java:173] - Starting ProtocolHandler ["http-nio-56085"]
[${project.name}][${env:SERVER_PORT}] 2021-08-18 14:59:43,388 INFO [main][TomcatWebServer.java:204] - Tomcat started on port(s): 56085 (http) with context path '/sailing'
[${project.name}][${env:SERVER_PORT}] 2021-08-18 14:59:43,393 INFO [main][StartupInfoLogger.java:59] - Started SailingBootstrap in 6.26 seconds (JVM running for 8.18)
[${project.name}][${env:SERVER_PORT}] 2021-08-18 14:59:43,664 INFO [RMI TCP Connection(1)-172.16.26.143][DirectJDKLog.java:173] - Initializing Spring DispatcherServlet 'dispatcherServlet'
[${project.name}][${env:SERVER_PORT}] 2021-08-18 14:59:43,664 INFO [RMI TCP Connection(1)-172.16.26.143][FrameworkServlet.java:524] - Initializing Servlet 'dispatcherServlet'
[${project.name}][${env:SERVER_PORT}] 2021-08-18 14:59:43,676 INFO [RMI TCP Connection(1)-172.16.26.143][FrameworkServlet.java:546] - Completed initialization in 10 ms
[${project.name}][${env:SERVER_PORT}] 2021-08-18 14:59:43,850 INFO [RMI TCP Connection(2)-172.16.26.143][EpollProvider.java:68] - Starting without optional epoll library
[${project.name}][${env:SERVER_PORT}] 2021-08-18 14:59:43,855 INFO [RMI TCP Connection(2)-172.16.26.143][KqueueProvider.java:70] - Starting without optional kqueue library
