[huiminpay-transaction-service] 2021-08-30 16:16:33,559 ERROR [main][NamingProxy.java:454] - request 127.0.0.1:8848 failed.
ErrCode:500, ErrMsg:failed to req API:127.0.0.1:8848/nacos/v1/ns/instance. code:500 msg: ErrCode:400,ErrMsg:instance already exist: 192.168.2.114:20893:unknown:DEFAULT_1.0_true_false_DEFAULT
	at com.alibaba.nacos.client.naming.net.NamingProxy.callServer(NamingProxy.java:424)
	at com.alibaba.nacos.client.naming.net.NamingProxy.reqAPI(NamingProxy.java:451)
	at com.alibaba.nacos.client.naming.net.NamingProxy.reqAPI(NamingProxy.java:386)
	at com.alibaba.nacos.client.naming.net.NamingProxy.registerService(NamingProxy.java:188)
	at com.alibaba.nacos.client.naming.NacosNamingService.registerInstance(NacosNamingService.java:205)
	at com.alibaba.nacos.client.naming.NacosNamingService.registerInstance(NacosNamingService.java:184)
	at org.apache.dubbo.registry.nacos.NacosRegistry.lambda$doRegister$1(NacosRegistry.java:153)
	at org.apache.dubbo.registry.nacos.NacosRegistry.execute(NacosRegistry.java:466)
	at org.apache.dubbo.registry.nacos.NacosRegistry.doRegister(NacosRegistry.java:153)
	at org.apache.dubbo.registry.support.FailbackRegistry.register(FailbackRegistry.java:236)
	at org.apache.dubbo.registry.integration.RegistryProtocol.register(RegistryProtocol.java:185)
	at org.apache.dubbo.registry.integration.RegistryProtocol.export(RegistryProtocol.java:219)
	at org.apache.dubbo.rpc.protocol.ProtocolFilterWrapper.export(ProtocolFilterWrapper.java:120)
	at org.apache.dubbo.qos.protocol.QosProtocolWrapper.export(QosProtocolWrapper.java:61)
	at org.apache.dubbo.rpc.protocol.ProtocolListenerWrapper.export(ProtocolListenerWrapper.java:59)
	at org.apache.dubbo.rpc.Protocol$Adaptive.export(Protocol$Adaptive.java)
	at org.apache.dubbo.config.ServiceConfig.doExportUrlsFor1Protocol(ServiceConfig.java:607)
	at org.apache.dubbo.config.ServiceConfig.doExportUrls(ServiceConfig.java:457)
	at org.apache.dubbo.config.ServiceConfig.doExport(ServiceConfig.java:415)
	at org.apache.dubbo.config.ServiceConfig.export(ServiceConfig.java:378)
	at org.apache.dubbo.config.spring.ServiceBean.export(ServiceBean.java:336)
	at org.apache.dubbo.config.spring.ServiceBean.onApplicationEvent(ServiceBean.java:114)
	at org.apache.dubbo.config.spring.ServiceBean.onApplicationEvent(ServiceBean.java:60)
	at org.springframework.context.event.SimpleApplicationEventMulticaster.doInvokeListener(SimpleApplicationEventMulticaster.java:172)
	at org.springframework.context.event.SimpleApplicationEventMulticaster.invokeListener(SimpleApplicationEventMulticaster.java:165)
	at org.springframework.context.event.SimpleApplicationEventMulticaster.multicastEvent(SimpleApplicationEventMulticaster.java:139)
	at org.springframework.context.support.AbstractApplicationContext.publishEvent(AbstractApplicationContext.java:402)
	at org.springframework.context.support.AbstractApplicationContext.publishEvent(AbstractApplicationContext.java:359)
	at org.springframework.context.support.AbstractApplicationContext.finishRefresh(AbstractApplicationContext.java:896)
	at org.springframework.boot.web.servlet.context.ServletWebServerApplicationContext.finishRefresh(ServletWebServerApplicationContext.java:163)
	at org.springframework.context.support.AbstractApplicationContext.refresh(AbstractApplicationContext.java:552)
	at org.springframework.boot.web.servlet.context.ServletWebServerApplicationContext.refresh(ServletWebServerApplicationContext.java:142)
	at org.springframework.boot.SpringApplication.refresh(SpringApplication.java:775)
	at org.springframework.boot.SpringApplication.refreshContext(SpringApplication.java:397)
	at org.springframework.boot.SpringApplication.run(SpringApplication.java:316)
	at org.springframework.boot.SpringApplication.run(SpringApplication.java:1260)
	at org.springframework.boot.SpringApplication.run(SpringApplication.java:1248)
	at com.huiminpay.transaction.TransactionBootstrap.main(TransactionBootstrap.java:10)
[huiminpay-transaction-service] 2021-08-30 16:16:33,787 ERROR [main][SpringApplication.java:858] - Application run failed
java.lang.IllegalStateException: Failed to register dubbo://192.168.2.114:20893/com.huiminpay.transaction.api.service.PlatformChannelServiceApi?anyhost=true&application=transaction-service&bean.name=ServiceBean:com.huiminpay.transaction.api.service.PlatformChannelServiceApi&deprecated=false&dubbo=2.0.2&dynamic=true&generic=false&interface=com.huiminpay.transaction.api.service.PlatformChannelServiceApi&methods=getPlatformChannels&pid=6796&register=true&release=2.7.3&side=provider&timestamp=1630311393294 to registry 127.0.0.1:8848, cause: failed to req API:/nacos/v1/ns/instance after all servers([127.0.0.1:8848]) tried: failed to req API:127.0.0.1:8848/nacos/v1/ns/instance. code:500 msg: ErrCode:400,ErrMsg:instance already exist: 192.168.2.114:20893:unknown:DEFAULT_1.0_true_false_DEFAULT
	at org.apache.dubbo.registry.support.FailbackRegistry.register(FailbackRegistry.java:249)
	at org.apache.dubbo.registry.integration.RegistryProtocol.register(RegistryProtocol.java:185)
	at org.apache.dubbo.registry.integration.RegistryProtocol.export(RegistryProtocol.java:219)
	at org.apache.dubbo.rpc.protocol.ProtocolFilterWrapper.export(ProtocolFilterWrapper.java:120)
	at org.apache.dubbo.qos.protocol.QosProtocolWrapper.export(QosProtocolWrapper.java:61)
	at org.apache.dubbo.rpc.protocol.ProtocolListenerWrapper.export(ProtocolListenerWrapper.java:59)
	at org.apache.dubbo.rpc.Protocol$Adaptive.export(Protocol$Adaptive.java)
	at org.apache.dubbo.config.ServiceConfig.doExportUrlsFor1Protocol(ServiceConfig.java:607)
	at org.apache.dubbo.config.ServiceConfig.doExportUrls(ServiceConfig.java:457)
	at org.apache.dubbo.config.ServiceConfig.doExport(ServiceConfig.java:415)
	at org.apache.dubbo.config.ServiceConfig.export(ServiceConfig.java:378)
	at org.apache.dubbo.config.spring.ServiceBean.export(ServiceBean.java:336)
	at org.apache.dubbo.config.spring.ServiceBean.onApplicationEvent(ServiceBean.java:114)
	at org.apache.dubbo.config.spring.ServiceBean.onApplicationEvent(ServiceBean.java:60)
	at org.springframework.context.event.SimpleApplicationEventMulticaster.doInvokeListener(SimpleApplicationEventMulticaster.java:172)
	at org.springframework.context.event.SimpleApplicationEventMulticaster.invokeListener(SimpleApplicationEventMulticaster.java:165)
	at org.springframework.context.event.SimpleApplicationEventMulticaster.multicastEvent(SimpleApplicationEventMulticaster.java:139)
	at org.springframework.context.support.AbstractApplicationContext.publishEvent(AbstractApplicationContext.java:402)
	at org.springframework.context.support.AbstractApplicationContext.publishEvent(AbstractApplicationContext.java:359)
	at org.springframework.context.support.AbstractApplicationContext.finishRefresh(AbstractApplicationContext.java:896)
	at org.springframework.boot.web.servlet.context.ServletWebServerApplicationContext.finishRefresh(ServletWebServerApplicationContext.java:163)
	at org.springframework.context.support.AbstractApplicationContext.refresh(AbstractApplicationContext.java:552)
	at org.springframework.boot.web.servlet.context.ServletWebServerApplicationContext.refresh(ServletWebServerApplicationContext.java:142)
	at org.springframework.boot.SpringApplication.refresh(SpringApplication.java:775)
	at org.springframework.boot.SpringApplication.refreshContext(SpringApplication.java:397)
	at org.springframework.boot.SpringApplication.run(SpringApplication.java:316)
	at org.springframework.boot.SpringApplication.run(SpringApplication.java:1260)
	at org.springframework.boot.SpringApplication.run(SpringApplication.java:1248)
	at com.huiminpay.transaction.TransactionBootstrap.main(TransactionBootstrap.java:10)
Caused by: java.lang.IllegalStateException: failed to req API:/nacos/v1/ns/instance after all servers([127.0.0.1:8848]) tried: failed to req API:127.0.0.1:8848/nacos/v1/ns/instance. code:500 msg: ErrCode:400,ErrMsg:instance already exist: 192.168.2.114:20893:unknown:DEFAULT_1.0_true_false_DEFAULT
	at com.alibaba.nacos.client.naming.net.NamingProxy.reqAPI(NamingProxy.java:464)
	at com.alibaba.nacos.client.naming.net.NamingProxy.reqAPI(NamingProxy.java:386)
	at com.alibaba.nacos.client.naming.net.NamingProxy.registerService(NamingProxy.java:188)
	at com.alibaba.nacos.client.naming.NacosNamingService.registerInstance(NacosNamingService.java:205)
	at com.alibaba.nacos.client.naming.NacosNamingService.registerInstance(NacosNamingService.java:184)
	at org.apache.dubbo.registry.nacos.NacosRegistry.lambda$doRegister$1(NacosRegistry.java:153)
	at org.apache.dubbo.registry.nacos.NacosRegistry.execute(NacosRegistry.java:466)
	at org.apache.dubbo.registry.nacos.NacosRegistry.doRegister(NacosRegistry.java:153)
	at org.apache.dubbo.registry.support.FailbackRegistry.register(FailbackRegistry.java:236)
	... 28 more
[huiminpay-transaction-service] 2021-08-30 16:17:01,175 ERROR [ThreadPoolTaskScheduler-1][TaskUtils.java:96] - Unexpected error occurred in scheduled task.
java.lang.IllegalStateException: org.springframework.boot.web.servlet.context.AnnotationConfigServletWebServerApplicationContext@468be356 has been closed already
	at org.springframework.context.support.AbstractApplicationContext.assertBeanFactoryActive(AbstractApplicationContext.java:1089)
	at org.springframework.context.support.AbstractApplicationContext.getBean(AbstractApplicationContext.java:1104)
	at org.springframework.context.event.ApplicationListenerMethodAdapter.getTargetBean(ApplicationListenerMethodAdapter.java:286)
	at org.springframework.context.event.ApplicationListenerMethodAdapter.doInvoke(ApplicationListenerMethodAdapter.java:256)
	at org.springframework.context.event.ApplicationListenerMethodAdapter.processEvent(ApplicationListenerMethodAdapter.java:179)
	at org.springframework.context.event.ApplicationListenerMethodAdapter.onApplicationEvent(ApplicationListenerMethodAdapter.java:142)
	at org.springframework.context.event.SimpleApplicationEventMulticaster.doInvokeListener(SimpleApplicationEventMulticaster.java:172)
	at org.springframework.context.event.SimpleApplicationEventMulticaster.invokeListener(SimpleApplicationEventMulticaster.java:165)
	at org.springframework.context.event.SimpleApplicationEventMulticaster.multicastEvent(SimpleApplicationEventMulticaster.java:139)
	at org.springframework.context.support.AbstractApplicationContext.publishEvent(AbstractApplicationContext.java:402)
	at org.springframework.context.support.AbstractApplicationContext.publishEvent(AbstractApplicationContext.java:359)
	at com.alibaba.cloud.nacos.discovery.NacosWatch.nacosServicesWatch(NacosWatch.java:120)
	at org.springframework.scheduling.support.DelegatingErrorHandlingRunnable.run(DelegatingErrorHandlingRunnable.java:54)
	at java.util.concurrent.Executors$RunnableAdapter.call(Executors.java:511)
	at java.util.concurrent.FutureTask.runAndReset$$$capture(FutureTask.java:308)
	at java.util.concurrent.FutureTask.runAndReset(FutureTask.java)
	at java.util.concurrent.ScheduledThreadPoolExecutor$ScheduledFutureTask.access$301(ScheduledThreadPoolExecutor.java:180)
	at java.util.concurrent.ScheduledThreadPoolExecutor$ScheduledFutureTask.run(ScheduledThreadPoolExecutor.java:294)
	at java.util.concurrent.ThreadPoolExecutor.runWorker(ThreadPoolExecutor.java:1149)
	at java.util.concurrent.ThreadPoolExecutor$Worker.run(ThreadPoolExecutor.java:624)
	at java.lang.Thread.run(Thread.java:748)
